21:37:02 [MER005] 
APLICACION DE CONTROL DE ERRORES EN CTRL_FREC

Created on 16 mar. 2020 

@author: Yosniel Cabrera

Version 2.1.4 16-04-2020 12:58

21:37:02 [MER005] ERROR_PROCESS
21:37:02 [MER005] ERROR_PROCESS <= [print_log = True]
21:37:02 [MER005] ERROR_PROCESS <= [DLGID = MER005]
21:37:02 [MER005] ERROR_PROCESS <= [TYPE = CTRL_FREC]
21:37:02 [MER005] ERROR_PROCESS ==> TEST_TX_ERRORS
21:37:02 [MER005] TEST_TX_ERRORS ==> CONTADOR DE ERROR TX [3]
21:37:02 [MER005] TEST_TX_ERRORS => [TX_ERROR = NO]
21:37:02 [MER005] TEST_TX_ERRORS ==> TX STOPPED
21:37:03 [MER005] ERROR_PROCESS ==> NO SE DETECTAN EVENTOS POR ERROR TX
21:37:03 [MER005] ERROR_PROCESS ==> VISUAL
21:37:03 [MER004] 
APLICACION DE CONTROL DE ERRORES EN CTRL_FREC

Created on 16 mar. 2020 

@author: Yosniel Cabrera

Version 2.1.4 16-04-2020 12:58

21:37:03 [MER004] ERROR_PROCESS
21:37:03 [MER004] ERROR_PROCESS <= [print_log = True]
21:37:03 [MER004] ERROR_PROCESS <= [DLGID = MER004]
21:37:03 [MER004] ERROR_PROCESS <= [TYPE = CTRL_FREC]
21:37:03 [MER004] ERROR_PROCESS ==> TEST_TX_ERRORS
21:37:03 [MER004] TEST_TX_ERRORS ==> TX STOPPED FOR MORE THAN 10 MIN
21:37:03 [MER004] TEST_TX_ERRORS => [TX_ERROR = SI]
21:37:03 [MER004] ERROR_PROCESS ==> NO SE DETECTAN EVENTOS POR ERROR TX
21:37:03 [MER004] ERROR_PROCESS ==> VISUAL
