15:59:09 [MER005] 
APLICACION DE CONTROL DE ERRORES EN CTRL_FREC

Created on 16 mar. 2020 

@author: Yosniel Cabrera

Version 2.1.4 16-04-2020 12:58
prueba de commit

15:59:09 [MER005] ERROR_PROCESS
15:59:09 [MER005] ERROR_PROCESS <= [print_log = True]
15:59:09 [MER005] ERROR_PROCESS <= [DLGID = MER005]
15:59:09 [MER005] ERROR_PROCESS <= [TYPE = CTRL_FREC]
15:59:09 [MER005] ERROR_PROCESS ==> TEST_TX_ERRORS
15:59:09 [MER005] TEST_TX_ERRORS ==> CONTADOR DE ERROR TX [7]
15:59:09 [MER005] TEST_TX_ERRORS => [TX_ERROR = NO]
15:59:09 [MER005] TEST_TX_ERRORS ==> TX STOPPED
15:59:09 [MER005] ERROR_PROCESS ==> NO SE DETECTAN EVENTOS POR ERROR TX
15:59:09 [MER005] ERROR_PROCESS ==> VISUAL
15:59:09 [MER004] 
APLICACION DE CONTROL DE ERRORES EN CTRL_FREC

Created on 16 mar. 2020 

@author: Yosniel Cabrera

Version 2.1.4 16-04-2020 12:58
prueba de commit

15:59:09 [MER004] ERROR_PROCESS
15:59:09 [MER004] ERROR_PROCESS <= [print_log = True]
15:59:09 [MER004] ERROR_PROCESS <= [DLGID = MER004]
15:59:09 [MER004] ERROR_PROCESS <= [TYPE = CTRL_FREC]
15:59:09 [MER004] ERROR_PROCESS ==> TEST_TX_ERRORS
15:59:09 [MER004] TEST_TX_ERRORS ==> TX STOPPED FOR MORE THAN 10 MIN
15:59:09 [MER004] TEST_TX_ERRORS => [TX_ERROR = SI]
15:59:09 [MER004] ERROR_PROCESS ==> NO SE DETECTAN EVENTOS POR ERROR TX
15:59:09 [MER004] ERROR_PROCESS ==> VISUAL
